Using pre-set license
Built from '2020.3/staging' branch; Version is '2020.3.48f1 (b805b124c6b7) revision 12060081'; Using compiler version '192528614'; Build Type 'Release'
OS: 'Windows 10  (10.0.19045) 64bit Enterprise' Language: 'en' Physical Memory: 32452 MB
BatchMode: 1, IsHumanControllingUs: 0, StartBugReporterOnCrash: 0, Is64bit: 1, IsPro: 0

COMMAND LINE ARGUMENTS:
C:\Program Files\Unity_2020.3.48f1\Editor\Unity.exe
-adb2
-batchMode
-noUpm
-name
AssetImportWorker0
-projectPath
D:/Projects/GoblinJump
-logFile
Logs/AssetImportWorker0.log
-srvPort
64763
Successfully changed project path to: D:/Projects/GoblinJump
D:/Projects/GoblinJump
Using Asset Import Pipeline V2.
Player connection [5696] Host "[IP] 10.7.99.66 [Port] 0 [Flags] 2 [Guid] 3689365119 [EditorId] 3689365119 [Version] 1048832 [Id] WindowsEditor(7,L1GN9H24-SYD) [Debug] 1 [PackageName] WindowsEditor [ProjectName] Editor" joined multi-casting on [225.0.0.222:54997]...

Player connection [5696] Host "[IP] 10.7.99.66 [Port] 0 [Flags] 2 [Guid] 3689365119 [EditorId] 3689365119 [Version] 1048832 [Id] WindowsEditor(7,L1GN9H24-SYD) [Debug] 1 [PackageName] WindowsEditor [ProjectName] Editor" joined alternative multi-casting on [225.0.0.222:34997]...

Refreshing native plugins compatible for Editor in 45.16 ms, found 3 plugins.
Preloading 0 native plugins for Editor in 0.00 ms.
Initialize engine version: 2020.3.48f1 (b805b124c6b7)
[Subsystems] Discovering subsystems at path C:/Program Files/Unity_2020.3.48f1/Editor/Data/Resources/UnitySubsystems
[Subsystems] Discovering subsystems at path D:/Projects/GoblinJump/Assets
GfxDevice: creating device client; threaded=0
Direct3D:
    Version:  Direct3D 11.0 [level 11.1]
    Renderer: NVIDIA RTX 3500 Ada Generation Laptop GPU (ID=0x27bb)
    Vendor:   
    VRAM:     12031 MB
    Driver:   31.0.15.3827
Initialize mono
Mono path[0] = 'C:/Program Files/Unity_2020.3.48f1/Editor/Data/Managed'
Mono path[1] = 'C:/Program Files/Unity_2020.3.48f1/Editor/Data/MonoBleedingEdge/lib/mono/unityjit'
Mono config path = 'C:/Program Files/Unity_2020.3.48f1/Editor/Data/MonoBleedingEdge/etc'
Using monoOptions --debugger-agent=transport=dt_socket,embedding=1,server=y,suspend=n,address=127.0.0.1:56484
Begin MonoManager ReloadAssembly
Registering precompiled unity dll's ...
Register platform support module: C:/Program Files/Unity_2020.3.48f1/Editor/Data/PlaybackEngines/WindowsStandaloneSupport/UnityEditor.WindowsStandalone.Extensions.dll
Registered in 0.002892 seconds.
Native extension for WindowsStandalone target not found
Refreshing native plugins compatible for Editor in 51.84 ms, found 3 plugins.
Preloading 0 native plugins for Editor in 0.00 ms.
Mono: successfully reloaded assembly
- Completed reload, in  0.631 seconds
Domain Reload Profiling:
	ReloadAssembly (632ms)
		BeginReloadAssembly (49ms)
			ExecutionOrderSort (0ms)
			DisableScriptedObjects (0ms)
			BackupInstance (0ms)
			ReleaseScriptingObjects (0ms)
			CreateAndSetChildDomain (0ms)
		EndReloadAssembly (507ms)
			LoadAssemblies (48ms)
			RebuildTransferFunctionScriptingTraits (0ms)
			SetupTypeCache (162ms)
			ReleaseScriptCaches (0ms)
			RebuildScriptCaches (23ms)
			SetupLoadedEditorAssemblies (217ms)
				LogAssemblyErrors (0ms)
				InitializePlatformSupportModulesInManaged (4ms)
				SetLoadedEditorAssemblies (0ms)
				RefreshPlugins (52ms)
				BeforeProcessingInitializeOnLoad (22ms)
				ProcessInitializeOnLoadAttributes (103ms)
				ProcessInitializeOnLoadMethodAttributes (36ms)
				AfterProcessingInitializeOnLoad (0ms)
				EditorAssembliesLoaded (0ms)
			ExecutionOrderSort2 (0ms)
			AwakeInstancesAfterBackupRestoration (0ms)
Platform modules already initialized, skipping
Registering precompiled user dll's ...
Registered in 0.003951 seconds.
Begin MonoManager ReloadAssembly
Native extension for WindowsStandalone target not found
Refreshing native plugins compatible for Editor in 56.99 ms, found 3 plugins.
Preloading 0 native plugins for Editor in 0.00 ms.
Mono: successfully reloaded assembly
- Completed reload, in  1.292 seconds
Domain Reload Profiling:
	ReloadAssembly (1293ms)
		BeginReloadAssembly (183ms)
			ExecutionOrderSort (0ms)
			DisableScriptedObjects (4ms)
			BackupInstance (0ms)
			ReleaseScriptingObjects (0ms)
			CreateAndSetChildDomain (25ms)
		EndReloadAssembly (1010ms)
			LoadAssemblies (105ms)
			RebuildTransferFunctionScriptingTraits (0ms)
			SetupTypeCache (289ms)
			ReleaseScriptCaches (0ms)
			RebuildScriptCaches (47ms)
			SetupLoadedEditorAssemblies (452ms)
				LogAssemblyErrors (0ms)
				InitializePlatformSupportModulesInManaged (3ms)
				SetLoadedEditorAssemblies (0ms)
				RefreshPlugins (57ms)
				BeforeProcessingInitializeOnLoad (105ms)
				ProcessInitializeOnLoadAttributes (255ms)
				ProcessInitializeOnLoadMethodAttributes (16ms)
				AfterProcessingInitializeOnLoad (14ms)
				EditorAssembliesLoaded (0ms)
			ExecutionOrderSort2 (0ms)
			AwakeInstancesAfterBackupRestoration (3ms)
Platform modules already initialized, skipping
========================================================================
Worker process is ready to serve import requests
Launched and connected shader compiler UnityShaderCompiler.exe after 0.12 seconds
Refreshing native plugins compatible for Editor in 0.26 ms, found 3 plugins.
Preloading 0 native plugins for Editor in 0.00 ms.
Unloading 2015 Unused Serialized files (Serialized files now loaded: 0)
System memory in use before: 92.4 MB.
System memory in use after: 92.4 MB.

Unloading 29 unused Assets to reduce memory usage. Loaded Objects now: 2450.
Total: 1.665700 ms (FindLiveObjects: 0.077300 ms CreateObjectMapping: 0.026000 ms MarkObjects: 1.475700 ms  DeleteObjects: 0.086200 ms)

AssetImportParameters requested are different than current active one (requested -> active):
  custom:framework-win-MediaFoundation: 216162199b28c13a410421893ffa2e32 -> 
  custom:video-decoder-ogg-theora: a1e56fd34408186e4bbccfd4996cb3dc -> 
  custom:container-muxer-webm: aa71ff27fc2769a1b78a27578f13a17b -> 
  custom:container-demuxer-webm: 4f35f7cbe854078d1ac9338744f61a02 -> 
  custom:container-demuxer-ogg: 62fdf1f143b41e24485cea50d1cbac27 -> 
  custom:video-encoder-webm-vp8: eb34c28f22e8b96e1ab97ce403110664 -> 
  custom:video-decoder-webm-vp8: 9c59270c3fd7afecdb556c50c9e8de78 -> 
  custom:audio-decoder-ogg-vorbis: bf7c407c2cedff20999df2af8eb42d56 -> 
  custom:audio-encoder-webm-vorbis: bf7c407c2cedff20999df2af8eb42d56 -> 
========================================================================
Received Import Request.
  path: Assets/Pixel Adventure 1/Assets/Traps/Platforms/Grey On (32x8).png
  artifactKey: Guid(7e73d0165dccc3745b6d9f293e19161c) Importer(815301076,1909f56bfc062723c751e8b465ee728b)
Start importing Assets/Pixel Adventure 1/Assets/Traps/Platforms/Grey On (32x8).png using Guid(7e73d0165dccc3745b6d9f293e19161c) Importer(815301076,1909f56bfc062723c751e8b465ee728b)  -> (artifact id: '7add2bbefe63590cacd7a3f1f1e4d718') in 0.107512 seconds 
========================================================================
Received Import Request.
  Time since last request: 0.000208 seconds.
  path: Assets/Pixel Adventure 1/Assets/Traps/Platforms/Grey Off.png
  artifactKey: Guid(19602dbd991e72f4c8df688afa341f3d) Importer(815301076,1909f56bfc062723c751e8b465ee728b)
Start importing Assets/Pixel Adventure 1/Assets/Traps/Platforms/Grey Off.png using Guid(19602dbd991e72f4c8df688afa341f3d) Importer(815301076,1909f56bfc062723c751e8b465ee728b)  -> (artifact id: '8f5a440609e813770bae765d094738e7') in 0.009714 seconds 
========================================================================
Received Import Request.
  Time since last request: 0.000242 seconds.
  path: Assets/Pixel Adventure 1/Assets/Traps/Platforms/Chain.png
  artifactKey: Guid(d9c5a449db91d51488798b761c22fb97) Importer(815301076,1909f56bfc062723c751e8b465ee728b)
Start importing Assets/Pixel Adventure 1/Assets/Traps/Platforms/Chain.png using Guid(d9c5a449db91d51488798b761c22fb97) Importer(815301076,1909f56bfc062723c751e8b465ee728b)  -> (artifact id: '02983ceea4874e43a42fad7b9414847f') in 0.015323 seconds 
========================================================================
Received Import Request.
  Time since last request: 2.171024 seconds.
  path: Assets/Pixel Adventure 1/Assets/Traps/Falling Platforms/Off.png
  artifactKey: Guid(99329b87c11d1ee4f8d328e269a7073b) Importer(815301076,1909f56bfc062723c751e8b465ee728b)
Start importing Assets/Pixel Adventure 1/Assets/Traps/Falling Platforms/Off.png using Guid(99329b87c11d1ee4f8d328e269a7073b) Importer(815301076,1909f56bfc062723c751e8b465ee728b)  -> (artifact id: '11dca60d849c3cb5de845339f72f6a8f') in 0.024343 seconds 
========================================================================
Received Import Request.
  Time since last request: 0.000407 seconds.
  path: Assets/Pixel Adventure 1/Assets/Traps/Falling Platforms/On (32x10).png
  artifactKey: Guid(a8be9d80391091641bb9404b3f4dd067) Importer(815301076,1909f56bfc062723c751e8b465ee728b)
Start importing Assets/Pixel Adventure 1/Assets/Traps/Falling Platforms/On (32x10).png using Guid(a8be9d80391091641bb9404b3f4dd067) Importer(815301076,1909f56bfc062723c751e8b465ee728b)  -> (artifact id: '93683293e934a3936a00063ecd96473d') in 0.037876 seconds 
========================================================================
Received Import Request.
  Time since last request: 113.228248 seconds.
  path: Assets/Pixel Adventure 1/Assets/Traps/Falling Platforms/On (32x10).png
  artifactKey: Guid(a8be9d80391091641bb9404b3f4dd067) Importer(815301076,1909f56bfc062723c751e8b465ee728b)
Start importing Assets/Pixel Adventure 1/Assets/Traps/Falling Platforms/On (32x10).png using Guid(a8be9d80391091641bb9404b3f4dd067) Importer(815301076,1909f56bfc062723c751e8b465ee728b)  -> (artifact id: 'c8b864c6992e7878330700eaeeef429a') in 0.049959 seconds 
========================================================================
Received Prepare
Registering precompiled user dll's ...
Registered in 0.005594 seconds.
Begin MonoManager ReloadAssembly
Native extension for WindowsStandalone target not found
Refreshing native plugins compatible for Editor in 0.90 ms, found 3 plugins.
Preloading 0 native plugins for Editor in 0.00 ms.
Mono: successfully reloaded assembly
- Completed reload, in  1.172 seconds
Domain Reload Profiling:
	ReloadAssembly (1173ms)
		BeginReloadAssembly (155ms)
			ExecutionOrderSort (0ms)
			DisableScriptedObjects (9ms)
			BackupInstance (0ms)
			ReleaseScriptingObjects (0ms)
			CreateAndSetChildDomain (34ms)
		EndReloadAssembly (953ms)
			LoadAssemblies (123ms)
			RebuildTransferFunctionScriptingTraits (0ms)
			SetupTypeCache (274ms)
			ReleaseScriptCaches (1ms)
			RebuildScriptCaches (44ms)
			SetupLoadedEditorAssemblies (454ms)
				LogAssemblyErrors (0ms)
				InitializePlatformSupportModulesInManaged (7ms)
				SetLoadedEditorAssemblies (2ms)
				RefreshPlugins (1ms)
				BeforeProcessingInitializeOnLoad (130ms)
				ProcessInitializeOnLoadAttributes (288ms)
				ProcessInitializeOnLoadMethodAttributes (16ms)
				AfterProcessingInitializeOnLoad (9ms)
				EditorAssembliesLoaded (0ms)
			ExecutionOrderSort2 (0ms)
			AwakeInstancesAfterBackupRestoration (2ms)
Platform modules already initialized, skipping
Refreshing native plugins compatible for Editor in 0.93 ms, found 3 plugins.
Preloading 0 native plugins for Editor in 0.00 ms.
Unloading 2008 Unused Serialized files (Serialized files now loaded: 0)
System memory in use before: 95.1 MB.
System memory in use after: 95.1 MB.

Unloading 18 unused Assets to reduce memory usage. Loaded Objects now: 2466.
Total: 4.834900 ms (FindLiveObjects: 0.229700 ms CreateObjectMapping: 0.094400 ms MarkObjects: 4.308800 ms  DeleteObjects: 0.200400 ms)

AssetImportParameters requested are different than current active one (requested -> active):
  custom:framework-win-MediaFoundation: 216162199b28c13a410421893ffa2e32 -> 
  custom:video-decoder-ogg-theora: a1e56fd34408186e4bbccfd4996cb3dc -> 
  custom:container-muxer-webm: aa71ff27fc2769a1b78a27578f13a17b -> 
  custom:container-demuxer-webm: 4f35f7cbe854078d1ac9338744f61a02 -> 
  custom:container-demuxer-ogg: 62fdf1f143b41e24485cea50d1cbac27 -> 
  custom:video-encoder-webm-vp8: eb34c28f22e8b96e1ab97ce403110664 -> 
  custom:video-decoder-webm-vp8: 9c59270c3fd7afecdb556c50c9e8de78 -> 
  custom:audio-decoder-ogg-vorbis: bf7c407c2cedff20999df2af8eb42d56 -> 
  custom:audio-encoder-webm-vorbis: bf7c407c2cedff20999df2af8eb42d56 -> 
========================================================================
Received Prepare
Registering precompiled user dll's ...
Registered in 0.006469 seconds.
Begin MonoManager ReloadAssembly
Native extension for WindowsStandalone target not found
Refreshing native plugins compatible for Editor in 0.75 ms, found 3 plugins.
Preloading 0 native plugins for Editor in 0.00 ms.
Mono: successfully reloaded assembly
- Completed reload, in  1.156 seconds
Domain Reload Profiling:
	ReloadAssembly (1157ms)
		BeginReloadAssembly (142ms)
			ExecutionOrderSort (0ms)
			DisableScriptedObjects (4ms)
			BackupInstance (0ms)
			ReleaseScriptingObjects (0ms)
			CreateAndSetChildDomain (39ms)
		EndReloadAssembly (952ms)
			LoadAssemblies (139ms)
			RebuildTransferFunctionScriptingTraits (0ms)
			SetupTypeCache (320ms)
			ReleaseScriptCaches (1ms)
			RebuildScriptCaches (39ms)
			SetupLoadedEditorAssemblies (380ms)
				LogAssemblyErrors (0ms)
				InitializePlatformSupportModulesInManaged (7ms)
				SetLoadedEditorAssemblies (1ms)
				RefreshPlugins (1ms)
				BeforeProcessingInitializeOnLoad (109ms)
				ProcessInitializeOnLoadAttributes (231ms)
				ProcessInitializeOnLoadMethodAttributes (17ms)
				AfterProcessingInitializeOnLoad (14ms)
				EditorAssembliesLoaded (0ms)
			ExecutionOrderSort2 (0ms)
			AwakeInstancesAfterBackupRestoration (4ms)
Platform modules already initialized, skipping
Refreshing native plugins compatible for Editor in 0.71 ms, found 3 plugins.
Preloading 0 native plugins for Editor in 0.00 ms.
Unloading 2008 Unused Serialized files (Serialized files now loaded: 0)
System memory in use before: 95.1 MB.
System memory in use after: 95.1 MB.

Unloading 18 unused Assets to reduce memory usage. Loaded Objects now: 2469.
Total: 1.998800 ms (FindLiveObjects: 0.082100 ms CreateObjectMapping: 0.025600 ms MarkObjects: 1.820200 ms  DeleteObjects: 0.069900 ms)

AssetImportParameters requested are different than current active one (requested -> active):
  custom:framework-win-MediaFoundation: 216162199b28c13a410421893ffa2e32 -> 
  custom:video-decoder-ogg-theora: a1e56fd34408186e4bbccfd4996cb3dc -> 
  custom:container-muxer-webm: aa71ff27fc2769a1b78a27578f13a17b -> 
  custom:container-demuxer-webm: 4f35f7cbe854078d1ac9338744f61a02 -> 
  custom:container-demuxer-ogg: 62fdf1f143b41e24485cea50d1cbac27 -> 
  custom:video-encoder-webm-vp8: eb34c28f22e8b96e1ab97ce403110664 -> 
  custom:video-decoder-webm-vp8: 9c59270c3fd7afecdb556c50c9e8de78 -> 
  custom:audio-decoder-ogg-vorbis: bf7c407c2cedff20999df2af8eb42d56 -> 
  custom:audio-encoder-webm-vorbis: bf7c407c2cedff20999df2af8eb42d56 -> 
========================================================================
Received Import Request.
  Time since last request: 664.759688 seconds.
  path: Assets/Pixel Adventure 1/Assets/Traps/Platforms/Brown On (32x8).png
  artifactKey: Guid(e242b62e7e6caee439fa1d024a8fa5bb) Importer(815301076,1909f56bfc062723c751e8b465ee728b)
Start importing Assets/Pixel Adventure 1/Assets/Traps/Platforms/Brown On (32x8).png using Guid(e242b62e7e6caee439fa1d024a8fa5bb) Importer(815301076,1909f56bfc062723c751e8b465ee728b)  -> (artifact id: '61a5c11883703bfa7f2e982bcad77d8a') in 0.083346 seconds 
========================================================================
Received Import Request.
  Time since last request: 679.422588 seconds.
  path: Assets/Pixel Adventure 1/Assets/Traps/Fan/Off.png
  artifactKey: Guid(1f268b33cadc6104287b8111b824e1e8) Importer(815301076,1909f56bfc062723c751e8b465ee728b)
Start importing Assets/Pixel Adventure 1/Assets/Traps/Fan/Off.png using Guid(1f268b33cadc6104287b8111b824e1e8) Importer(815301076,1909f56bfc062723c751e8b465ee728b)  -> (artifact id: '7a9d9008bcbf7519087cacf5983695d8') in 0.018232 seconds 
========================================================================
Received Import Request.
  Time since last request: 0.000539 seconds.
  path: Assets/Pixel Adventure 1/Assets/Traps/Fan/On (24x8).png
  artifactKey: Guid(7c645aea6faf2564aa5917bd4ca765ea) Importer(815301076,1909f56bfc062723c751e8b465ee728b)
Start importing Assets/Pixel Adventure 1/Assets/Traps/Fan/On (24x8).png using Guid(7c645aea6faf2564aa5917bd4ca765ea) Importer(815301076,1909f56bfc062723c751e8b465ee728b)  -> (artifact id: '4a6092f3e8c161c8ce29f44dcd18f1a7') in 0.039050 seconds 
========================================================================
Received Prepare
Registering precompiled user dll's ...
Registered in 0.005399 seconds.
Begin MonoManager ReloadAssembly
Native extension for WindowsStandalone target not found
Refreshing native plugins compatible for Editor in 0.73 ms, found 3 plugins.
Preloading 0 native plugins for Editor in 0.00 ms.
Mono: successfully reloaded assembly
- Completed reload, in  1.164 seconds
Domain Reload Profiling:
	ReloadAssembly (1164ms)
		BeginReloadAssembly (134ms)
			ExecutionOrderSort (0ms)
			DisableScriptedObjects (6ms)
			BackupInstance (0ms)
			ReleaseScriptingObjects (0ms)
			CreateAndSetChildDomain (41ms)
		EndReloadAssembly (939ms)
			LoadAssemblies (139ms)
			RebuildTransferFunctionScriptingTraits (0ms)
			SetupTypeCache (303ms)
			ReleaseScriptCaches (1ms)
			RebuildScriptCaches (34ms)
			SetupLoadedEditorAssemblies (388ms)
				LogAssemblyErrors (0ms)
				InitializePlatformSupportModulesInManaged (8ms)
				SetLoadedEditorAssemblies (1ms)
				RefreshPlugins (1ms)
				BeforeProcessingInitializeOnLoad (124ms)
				ProcessInitializeOnLoadAttributes (233ms)
				ProcessInitializeOnLoadMethodAttributes (11ms)
				AfterProcessingInitializeOnLoad (10ms)
				EditorAssembliesLoaded (0ms)
			ExecutionOrderSort2 (0ms)
			AwakeInstancesAfterBackupRestoration (3ms)
Platform modules already initialized, skipping
Refreshing native plugins compatible for Editor in 0.51 ms, found 3 plugins.
Preloading 0 native plugins for Editor in 0.00 ms.
Unloading 2008 Unused Serialized files (Serialized files now loaded: 0)
System memory in use before: 95.2 MB.
System memory in use after: 95.2 MB.

Unloading 18 unused Assets to reduce memory usage. Loaded Objects now: 2476.
Total: 2.487100 ms (FindLiveObjects: 0.120500 ms CreateObjectMapping: 0.035600 ms MarkObjects: 2.202900 ms  DeleteObjects: 0.126700 ms)

AssetImportParameters requested are different than current active one (requested -> active):
  custom:framework-win-MediaFoundation: 216162199b28c13a410421893ffa2e32 -> 
  custom:video-decoder-ogg-theora: a1e56fd34408186e4bbccfd4996cb3dc -> 
  custom:container-muxer-webm: aa71ff27fc2769a1b78a27578f13a17b -> 
  custom:container-demuxer-webm: 4f35f7cbe854078d1ac9338744f61a02 -> 
  custom:container-demuxer-ogg: 62fdf1f143b41e24485cea50d1cbac27 -> 
  custom:video-encoder-webm-vp8: eb34c28f22e8b96e1ab97ce403110664 -> 
  custom:video-decoder-webm-vp8: 9c59270c3fd7afecdb556c50c9e8de78 -> 
  custom:audio-decoder-ogg-vorbis: bf7c407c2cedff20999df2af8eb42d56 -> 
  custom:audio-encoder-webm-vorbis: bf7c407c2cedff20999df2af8eb42d56 -> 
========================================================================
Received Import Request.
  Time since last request: 15.600274 seconds.
  path: Assets/Pixel Adventure 1/Assets/Traps/Fan/On (24x8).png
  artifactKey: Guid(7c645aea6faf2564aa5917bd4ca765ea) Importer(815301076,1909f56bfc062723c751e8b465ee728b)
Start importing Assets/Pixel Adventure 1/Assets/Traps/Fan/On (24x8).png using Guid(7c645aea6faf2564aa5917bd4ca765ea) Importer(815301076,1909f56bfc062723c751e8b465ee728b)  -> (artifact id: 'ffbcc2272fb1a8b00fa2180072ffcded') in 0.072456 seconds 
========================================================================
Received Import Request.
  Time since last request: 373.999781 seconds.
  path: Assets/Animation/Platforms/FanPlatform.controller
  artifactKey: Guid(08afeb981f77df142ba7b51c36dbd696) Importer(815301076,1909f56bfc062723c751e8b465ee728b)
Start importing Assets/Animation/Platforms/FanPlatform.controller using Guid(08afeb981f77df142ba7b51c36dbd696) Importer(815301076,1909f56bfc062723c751e8b465ee728b)  -> (artifact id: 'c7bcc0dfcad5b3d31c5f43348d598296') in 0.013204 seconds 
========================================================================
Received Import Request.
  Time since last request: 56.572326 seconds.
  path: Assets/Scripts/FanPlatform.cs
  artifactKey: Guid(305708bb107cea544a22468025f568ea) Importer(815301076,1909f56bfc062723c751e8b465ee728b)
Start importing Assets/Scripts/FanPlatform.cs using Guid(305708bb107cea544a22468025f568ea) Importer(815301076,1909f56bfc062723c751e8b465ee728b)  -> (artifact id: '99e8a9adf8b18c18f43f1e84bdead5f1') in 0.020265 seconds 
========================================================================
Received Prepare
Registering precompiled user dll's ...
Registered in 0.005336 seconds.
Begin MonoManager ReloadAssembly
Native extension for WindowsStandalone target not found
Refreshing native plugins compatible for Editor in 0.31 ms, found 3 plugins.
Preloading 0 native plugins for Editor in 0.00 ms.
Mono: successfully reloaded assembly
- Completed reload, in  1.153 seconds
Domain Reload Profiling:
	ReloadAssembly (1154ms)
		BeginReloadAssembly (120ms)
			ExecutionOrderSort (0ms)
			DisableScriptedObjects (6ms)
			BackupInstance (0ms)
			ReleaseScriptingObjects (0ms)
			CreateAndSetChildDomain (28ms)
		EndReloadAssembly (960ms)
			LoadAssemblies (134ms)
			RebuildTransferFunctionScriptingTraits (0ms)
			SetupTypeCache (352ms)
			ReleaseScriptCaches (1ms)
			RebuildScriptCaches (42ms)
			SetupLoadedEditorAssemblies (318ms)
				LogAssemblyErrors (0ms)
				InitializePlatformSupportModulesInManaged (7ms)
				SetLoadedEditorAssemblies (1ms)
				RefreshPlugins (0ms)
				BeforeProcessingInitializeOnLoad (99ms)
				ProcessInitializeOnLoadAttributes (193ms)
				ProcessInitializeOnLoadMethodAttributes (11ms)
				AfterProcessingInitializeOnLoad (8ms)
				EditorAssembliesLoaded (0ms)
			ExecutionOrderSort2 (0ms)
			AwakeInstancesAfterBackupRestoration (3ms)
Platform modules already initialized, skipping
Refreshing native plugins compatible for Editor in 0.72 ms, found 3 plugins.
Preloading 0 native plugins for Editor in 0.00 ms.
Unloading 2009 Unused Serialized files (Serialized files now loaded: 0)
System memory in use before: 95.2 MB.
System memory in use after: 95.2 MB.

Unloading 18 unused Assets to reduce memory usage. Loaded Objects now: 2481.
Total: 1.955900 ms (FindLiveObjects: 0.109100 ms CreateObjectMapping: 0.028200 ms MarkObjects: 1.741500 ms  DeleteObjects: 0.076300 ms)

AssetImportParameters requested are different than current active one (requested -> active):
  custom:framework-win-MediaFoundation: 216162199b28c13a410421893ffa2e32 -> 
  custom:video-decoder-ogg-theora: a1e56fd34408186e4bbccfd4996cb3dc -> 
  custom:container-muxer-webm: aa71ff27fc2769a1b78a27578f13a17b -> 
  custom:container-demuxer-webm: 4f35f7cbe854078d1ac9338744f61a02 -> 
  custom:container-demuxer-ogg: 62fdf1f143b41e24485cea50d1cbac27 -> 
  custom:video-encoder-webm-vp8: eb34c28f22e8b96e1ab97ce403110664 -> 
  custom:video-decoder-webm-vp8: 9c59270c3fd7afecdb556c50c9e8de78 -> 
  custom:audio-decoder-ogg-vorbis: bf7c407c2cedff20999df2af8eb42d56 -> 
  custom:audio-encoder-webm-vorbis: bf7c407c2cedff20999df2af8eb42d56 -> 
========================================================================
Received Import Request.
  Time since last request: 329.485974 seconds.
  path: Assets/Scripts/FanPlatform.cs
  artifactKey: Guid(305708bb107cea544a22468025f568ea) Importer(815301076,1909f56bfc062723c751e8b465ee728b)
Start importing Assets/Scripts/FanPlatform.cs using Guid(305708bb107cea544a22468025f568ea) Importer(815301076,1909f56bfc062723c751e8b465ee728b)  -> (artifact id: 'aabffbd547745e50dd42d16094061c08') in 0.011196 seconds 
========================================================================
Received Prepare
Registering precompiled user dll's ...
Registered in 0.004893 seconds.
Begin MonoManager ReloadAssembly
Native extension for WindowsStandalone target not found
Refreshing native plugins compatible for Editor in 0.75 ms, found 3 plugins.
Preloading 0 native plugins for Editor in 0.00 ms.
Mono: successfully reloaded assembly
- Completed reload, in  1.113 seconds
Domain Reload Profiling:
	ReloadAssembly (1114ms)
		BeginReloadAssembly (112ms)
			ExecutionOrderSort (0ms)
			DisableScriptedObjects (4ms)
			BackupInstance (0ms)
			ReleaseScriptingObjects (0ms)
			CreateAndSetChildDomain (30ms)
		EndReloadAssembly (917ms)
			LoadAssemblies (130ms)
			RebuildTransferFunctionScriptingTraits (0ms)
			SetupTypeCache (295ms)
			ReleaseScriptCaches (1ms)
			RebuildScriptCaches (44ms)
			SetupLoadedEditorAssemblies (365ms)
				LogAssemblyErrors (0ms)
				InitializePlatformSupportModulesInManaged (7ms)
				SetLoadedEditorAssemblies (1ms)
				RefreshPlugins (1ms)
				BeforeProcessingInitializeOnLoad (86ms)
				ProcessInitializeOnLoadAttributes (245ms)
				ProcessInitializeOnLoadMethodAttributes (14ms)
				AfterProcessingInitializeOnLoad (11ms)
				EditorAssembliesLoaded (0ms)
			ExecutionOrderSort2 (0ms)
			AwakeInstancesAfterBackupRestoration (3ms)
Platform modules already initialized, skipping
Refreshing native plugins compatible for Editor in 0.59 ms, found 3 plugins.
Preloading 0 native plugins for Editor in 0.00 ms.
Unloading 2009 Unused Serialized files (Serialized files now loaded: 0)
System memory in use before: 95.2 MB.
System memory in use after: 95.2 MB.

Unloading 18 unused Assets to reduce memory usage. Loaded Objects now: 2484.
Total: 1.820600 ms (FindLiveObjects: 0.086400 ms CreateObjectMapping: 0.025900 ms MarkObjects: 1.631200 ms  DeleteObjects: 0.076000 ms)

AssetImportParameters requested are different than current active one (requested -> active):
  custom:framework-win-MediaFoundation: 216162199b28c13a410421893ffa2e32 -> 
  custom:video-decoder-ogg-theora: a1e56fd34408186e4bbccfd4996cb3dc -> 
  custom:container-muxer-webm: aa71ff27fc2769a1b78a27578f13a17b -> 
  custom:container-demuxer-webm: 4f35f7cbe854078d1ac9338744f61a02 -> 
  custom:container-demuxer-ogg: 62fdf1f143b41e24485cea50d1cbac27 -> 
  custom:video-encoder-webm-vp8: eb34c28f22e8b96e1ab97ce403110664 -> 
  custom:video-decoder-webm-vp8: 9c59270c3fd7afecdb556c50c9e8de78 -> 
  custom:audio-decoder-ogg-vorbis: bf7c407c2cedff20999df2af8eb42d56 -> 
  custom:audio-encoder-webm-vorbis: bf7c407c2cedff20999df2af8eb42d56 -> 
========================================================================
Received Import Request.
  Time since last request: 248.003457 seconds.
  path: Assets/Pixel Adventure 1/Assets/Traps/Spiked Ball/Chain.png
  artifactKey: Guid(8baedcc19bcfee347a8aef42935eac87) Importer(815301076,1909f56bfc062723c751e8b465ee728b)
Start importing Assets/Pixel Adventure 1/Assets/Traps/Spiked Ball/Chain.png using Guid(8baedcc19bcfee347a8aef42935eac87) Importer(815301076,1909f56bfc062723c751e8b465ee728b)  -> (artifact id: '3feb24ae29f0811cce667f04d81dfe00') in 0.097162 seconds 
========================================================================
Received Import Request.
  Time since last request: 0.000431 seconds.
  path: Assets/Pixel Adventure 1/Assets/Traps/Spiked Ball/Spiked Ball.png
  artifactKey: Guid(60e5d93de53da5642a38fce5925c3efa) Importer(815301076,1909f56bfc062723c751e8b465ee728b)
Start importing Assets/Pixel Adventure 1/Assets/Traps/Spiked Ball/Spiked Ball.png using Guid(60e5d93de53da5642a38fce5925c3efa) Importer(815301076,1909f56bfc062723c751e8b465ee728b)  -> (artifact id: 'f911863e388a844aa1c914e7f70e476d') in 0.017501 seconds 
========================================================================
Received Prepare
Registering precompiled user dll's ...
Registered in 0.002817 seconds.
Begin MonoManager ReloadAssembly
Native extension for WindowsStandalone target not found
Refreshing native plugins compatible for Editor in 0.51 ms, found 3 plugins.
Preloading 0 native plugins for Editor in 0.00 ms.
Mono: successfully reloaded assembly
- Completed reload, in  1.132 seconds
Domain Reload Profiling:
	ReloadAssembly (1132ms)
		BeginReloadAssembly (165ms)
			ExecutionOrderSort (0ms)
			DisableScriptedObjects (6ms)
			BackupInstance (0ms)
			ReleaseScriptingObjects (0ms)
			CreateAndSetChildDomain (41ms)
		EndReloadAssembly (915ms)
			LoadAssemblies (164ms)
			RebuildTransferFunctionScriptingTraits (0ms)
			SetupTypeCache (235ms)
			ReleaseScriptCaches (1ms)
			RebuildScriptCaches (40ms)
			SetupLoadedEditorAssemblies (399ms)
				LogAssemblyErrors (0ms)
				InitializePlatformSupportModulesInManaged (7ms)
				SetLoadedEditorAssemblies (2ms)
				RefreshPlugins (1ms)
				BeforeProcessingInitializeOnLoad (104ms)
				ProcessInitializeOnLoadAttributes (268ms)
				ProcessInitializeOnLoadMethodAttributes (12ms)
				AfterProcessingInitializeOnLoad (5ms)
				EditorAssembliesLoaded (0ms)
			ExecutionOrderSort2 (0ms)
			AwakeInstancesAfterBackupRestoration (3ms)
Platform modules already initialized, skipping
Refreshing native plugins compatible for Editor in 0.78 ms, found 3 plugins.
Preloading 0 native plugins for Editor in 0.00 ms.
Unloading 2009 Unused Serialized files (Serialized files now loaded: 0)
System memory in use before: 95.2 MB.
System memory in use after: 95.3 MB.

Unloading 18 unused Assets to reduce memory usage. Loaded Objects now: 2490.
Total: 3.654900 ms (FindLiveObjects: 0.203300 ms CreateObjectMapping: 0.049000 ms MarkObjects: 3.250000 ms  DeleteObjects: 0.151500 ms)

AssetImportParameters requested are different than current active one (requested -> active):
  custom:framework-win-MediaFoundation: 216162199b28c13a410421893ffa2e32 -> 
  custom:video-decoder-ogg-theora: a1e56fd34408186e4bbccfd4996cb3dc -> 
  custom:container-muxer-webm: aa71ff27fc2769a1b78a27578f13a17b -> 
  custom:container-demuxer-webm: 4f35f7cbe854078d1ac9338744f61a02 -> 
  custom:container-demuxer-ogg: 62fdf1f143b41e24485cea50d1cbac27 -> 
  custom:video-encoder-webm-vp8: eb34c28f22e8b96e1ab97ce403110664 -> 
  custom:video-decoder-webm-vp8: 9c59270c3fd7afecdb556c50c9e8de78 -> 
  custom:audio-decoder-ogg-vorbis: bf7c407c2cedff20999df2af8eb42d56 -> 
  custom:audio-encoder-webm-vorbis: bf7c407c2cedff20999df2af8eb42d56 -> 
========================================================================
Received Import Request.
  Time since last request: 70.930958 seconds.
  path: Assets/Pixel Adventure 1/Assets/Traps/Spiked Ball/Chain.png
  artifactKey: Guid(8baedcc19bcfee347a8aef42935eac87) Importer(815301076,1909f56bfc062723c751e8b465ee728b)
Start importing Assets/Pixel Adventure 1/Assets/Traps/Spiked Ball/Chain.png using Guid(8baedcc19bcfee347a8aef42935eac87) Importer(815301076,1909f56bfc062723c751e8b465ee728b)  -> (artifact id: 'ea081c1987e63c568b036082f9a676eb') in 0.052095 seconds 
========================================================================
Received Import Request.
  Time since last request: 0.000483 seconds.
  path: Assets/Pixel Adventure 1/Assets/Traps/Spiked Ball/Spiked Ball.png
  artifactKey: Guid(60e5d93de53da5642a38fce5925c3efa) Importer(815301076,1909f56bfc062723c751e8b465ee728b)
Start importing Assets/Pixel Adventure 1/Assets/Traps/Spiked Ball/Spiked Ball.png using Guid(60e5d93de53da5642a38fce5925c3efa) Importer(815301076,1909f56bfc062723c751e8b465ee728b)  -> (artifact id: '6bf655945fa16aa3e819178f7f5167b1') in 0.018462 seconds 
========================================================================
Received Prepare
Registering precompiled user dll's ...
Registered in 0.005771 seconds.
Begin MonoManager ReloadAssembly
Native extension for WindowsStandalone target not found
Refreshing native plugins compatible for Editor in 0.70 ms, found 3 plugins.
Preloading 0 native plugins for Editor in 0.00 ms.
Mono: successfully reloaded assembly
- Completed reload, in  1.345 seconds
Domain Reload Profiling:
	ReloadAssembly (1345ms)
		BeginReloadAssembly (159ms)
			ExecutionOrderSort (0ms)
			DisableScriptedObjects (5ms)
			BackupInstance (0ms)
			ReleaseScriptingObjects (0ms)
			CreateAndSetChildDomain (29ms)
		EndReloadAssembly (1104ms)
			LoadAssemblies (185ms)
			RebuildTransferFunctionScriptingTraits (0ms)
			SetupTypeCache (371ms)
			ReleaseScriptCaches (1ms)
			RebuildScriptCaches (41ms)
			SetupLoadedEditorAssemblies (445ms)
				LogAssemblyErrors (0ms)
				InitializePlatformSupportModulesInManaged (7ms)
				SetLoadedEditorAssemblies (1ms)
				RefreshPlugins (1ms)
				BeforeProcessingInitializeOnLoad (101ms)
				ProcessInitializeOnLoadAttributes (303ms)
				ProcessInitializeOnLoadMethodAttributes (17ms)
				AfterProcessingInitializeOnLoad (14ms)
				EditorAssembliesLoaded (0ms)
			ExecutionOrderSort2 (0ms)
			AwakeInstancesAfterBackupRestoration (4ms)
Platform modules already initialized, skipping
Refreshing native plugins compatible for Editor in 0.79 ms, found 3 plugins.
Preloading 0 native plugins for Editor in 0.00 ms.
Unloading 2010 Unused Serialized files (Serialized files now loaded: 0)
System memory in use before: 95.3 MB.
System memory in use after: 95.3 MB.

Unloading 18 unused Assets to reduce memory usage. Loaded Objects now: 2495.
Total: 3.914300 ms (FindLiveObjects: 0.185300 ms CreateObjectMapping: 0.056900 ms MarkObjects: 3.509100 ms  DeleteObjects: 0.158900 ms)

AssetImportParameters requested are different than current active one (requested -> active):
  custom:framework-win-MediaFoundation: 216162199b28c13a410421893ffa2e32 -> 
  custom:video-decoder-ogg-theora: a1e56fd34408186e4bbccfd4996cb3dc -> 
  custom:container-muxer-webm: aa71ff27fc2769a1b78a27578f13a17b -> 
  custom:container-demuxer-webm: 4f35f7cbe854078d1ac9338744f61a02 -> 
  custom:container-demuxer-ogg: 62fdf1f143b41e24485cea50d1cbac27 -> 
  custom:video-encoder-webm-vp8: eb34c28f22e8b96e1ab97ce403110664 -> 
  custom:video-decoder-webm-vp8: 9c59270c3fd7afecdb556c50c9e8de78 -> 
  custom:audio-decoder-ogg-vorbis: bf7c407c2cedff20999df2af8eb42d56 -> 
  custom:audio-encoder-webm-vorbis: bf7c407c2cedff20999df2af8eb42d56 -> 
========================================================================
Received Prepare
Registering precompiled user dll's ...
Registered in 0.004855 seconds.
Begin MonoManager ReloadAssembly
Native extension for WindowsStandalone target not found
Refreshing native plugins compatible for Editor in 0.47 ms, found 3 plugins.
Preloading 0 native plugins for Editor in 0.00 ms.
Mono: successfully reloaded assembly
- Completed reload, in  1.412 seconds
Domain Reload Profiling:
	ReloadAssembly (1412ms)
		BeginReloadAssembly (203ms)
			ExecutionOrderSort (0ms)
			DisableScriptedObjects (9ms)
			BackupInstance (0ms)
			ReleaseScriptingObjects (0ms)
			CreateAndSetChildDomain (51ms)
		EndReloadAssembly (1113ms)
			LoadAssemblies (180ms)
			RebuildTransferFunctionScriptingTraits (0ms)
			SetupTypeCache (383ms)
			ReleaseScriptCaches (1ms)
			RebuildScriptCaches (41ms)
			SetupLoadedEditorAssemblies (452ms)
				LogAssemblyErrors (0ms)
				InitializePlatformSupportModulesInManaged (5ms)
				SetLoadedEditorAssemblies (1ms)
				RefreshPlugins (1ms)
				BeforeProcessingInitializeOnLoad (115ms)
				ProcessInitializeOnLoadAttributes (305ms)
				ProcessInitializeOnLoadMethodAttributes (12ms)
				AfterProcessingInitializeOnLoad (14ms)
				EditorAssembliesLoaded (0ms)
			ExecutionOrderSort2 (0ms)
			AwakeInstancesAfterBackupRestoration (4ms)
Platform modules already initialized, skipping
Refreshing native plugins compatible for Editor in 0.37 ms, found 3 plugins.
Preloading 0 native plugins for Editor in 0.00 ms.
Unloading 2010 Unused Serialized files (Serialized files now loaded: 0)
System memory in use before: 95.3 MB.
System memory in use after: 95.3 MB.

Unloading 18 unused Assets to reduce memory usage. Loaded Objects now: 2498.
Total: 2.080000 ms (FindLiveObjects: 0.078800 ms CreateObjectMapping: 0.029100 ms MarkObjects: 1.900400 ms  DeleteObjects: 0.071000 ms)

AssetImportParameters requested are different than current active one (requested -> active):
  custom:framework-win-MediaFoundation: 216162199b28c13a410421893ffa2e32 -> 
  custom:video-decoder-ogg-theora: a1e56fd34408186e4bbccfd4996cb3dc -> 
  custom:container-muxer-webm: aa71ff27fc2769a1b78a27578f13a17b -> 
  custom:container-demuxer-webm: 4f35f7cbe854078d1ac9338744f61a02 -> 
  custom:container-demuxer-ogg: 62fdf1f143b41e24485cea50d1cbac27 -> 
  custom:video-encoder-webm-vp8: eb34c28f22e8b96e1ab97ce403110664 -> 
  custom:video-decoder-webm-vp8: 9c59270c3fd7afecdb556c50c9e8de78 -> 
  custom:audio-decoder-ogg-vorbis: bf7c407c2cedff20999df2af8eb42d56 -> 
  custom:audio-encoder-webm-vorbis: bf7c407c2cedff20999df2af8eb42d56 -> 
========================================================================
Received Import Request.
  Time since last request: 616.845618 seconds.
  path: Assets/Scripts/Plateform.cs
  artifactKey: Guid(a12602bd33023d948b3b709d615fbdaf) Importer(815301076,1909f56bfc062723c751e8b465ee728b)
Start importing Assets/Scripts/Plateform.cs using Guid(a12602bd33023d948b3b709d615fbdaf) Importer(815301076,1909f56bfc062723c751e8b465ee728b)  -> (artifact id: '7dd83347cea4c4da59b33bc13aa2c3e7') in 0.004169 seconds 
========================================================================
Received Import Request.
  Time since last request: 181.525668 seconds.
  path: Assets/Scripts/Plateform.cs
  artifactKey: Guid(a12602bd33023d948b3b709d615fbdaf) Importer(815301076,1909f56bfc062723c751e8b465ee728b)
Start importing Assets/Scripts/Plateform.cs using Guid(a12602bd33023d948b3b709d615fbdaf) Importer(815301076,1909f56bfc062723c751e8b465ee728b)  -> (artifact id: 'fc02af9809ea862038a269814e430a6e') in 0.003394 seconds 
========================================================================
Received Prepare
Registering precompiled user dll's ...
Registered in 0.004954 seconds.
Begin MonoManager ReloadAssembly
Native extension for WindowsStandalone target not found
Refreshing native plugins compatible for Editor in 0.43 ms, found 3 plugins.
Preloading 0 native plugins for Editor in 0.00 ms.
Mono: successfully reloaded assembly
- Completed reload, in  1.162 seconds
Domain Reload Profiling:
	ReloadAssembly (1163ms)
		BeginReloadAssembly (171ms)
			ExecutionOrderSort (0ms)
			DisableScriptedObjects (10ms)
			BackupInstance (0ms)
			ReleaseScriptingObjects (0ms)
			CreateAndSetChildDomain (34ms)
		EndReloadAssembly (900ms)
			LoadAssemblies (171ms)
			RebuildTransferFunctionScriptingTraits (0ms)
			SetupTypeCache (304ms)
			ReleaseScriptCaches (1ms)
			RebuildScriptCaches (43ms)
			SetupLoadedEditorAssemblies (343ms)
				LogAssemblyErrors (0ms)
				InitializePlatformSupportModulesInManaged (5ms)
				SetLoadedEditorAssemblies (1ms)
				RefreshPlugins (1ms)
				BeforeProcessingInitializeOnLoad (76ms)
				ProcessInitializeOnLoadAttributes (228ms)
				ProcessInitializeOnLoadMethodAttributes (18ms)
				AfterProcessingInitializeOnLoad (15ms)
				EditorAssembliesLoaded (0ms)
			ExecutionOrderSort2 (0ms)
			AwakeInstancesAfterBackupRestoration (4ms)
Platform modules already initialized, skipping
Refreshing native plugins compatible for Editor in 0.63 ms, found 3 plugins.
Preloading 0 native plugins for Editor in 0.00 ms.
Unloading 2010 Unused Serialized files (Serialized files now loaded: 0)
System memory in use before: 95.3 MB.
System memory in use after: 95.3 MB.

Unloading 18 unused Assets to reduce memory usage. Loaded Objects now: 2501.
Total: 4.063800 ms (FindLiveObjects: 0.094900 ms CreateObjectMapping: 0.024200 ms MarkObjects: 3.818600 ms  DeleteObjects: 0.125100 ms)

AssetImportParameters requested are different than current active one (requested -> active):
  custom:framework-win-MediaFoundation: 216162199b28c13a410421893ffa2e32 -> 
  custom:video-decoder-ogg-theora: a1e56fd34408186e4bbccfd4996cb3dc -> 
  custom:container-muxer-webm: aa71ff27fc2769a1b78a27578f13a17b -> 
  custom:container-demuxer-webm: 4f35f7cbe854078d1ac9338744f61a02 -> 
  custom:container-demuxer-ogg: 62fdf1f143b41e24485cea50d1cbac27 -> 
  custom:video-encoder-webm-vp8: eb34c28f22e8b96e1ab97ce403110664 -> 
  custom:video-decoder-webm-vp8: 9c59270c3fd7afecdb556c50c9e8de78 -> 
  custom:audio-decoder-ogg-vorbis: bf7c407c2cedff20999df2af8eb42d56 -> 
  custom:audio-encoder-webm-vorbis: bf7c407c2cedff20999df2af8eb42d56 -> 
========================================================================
Received Prepare
Registering precompiled user dll's ...
Registered in 0.003544 seconds.
Begin MonoManager ReloadAssembly
Native extension for WindowsStandalone target not found
Refreshing native plugins compatible for Editor in 0.77 ms, found 3 plugins.
Preloading 0 native plugins for Editor in 0.00 ms.
Mono: successfully reloaded assembly
- Completed reload, in  1.194 seconds
Domain Reload Profiling:
	ReloadAssembly (1195ms)
		BeginReloadAssembly (156ms)
			ExecutionOrderSort (0ms)
			DisableScriptedObjects (11ms)
			BackupInstance (0ms)
			ReleaseScriptingObjects (0ms)
			CreateAndSetChildDomain (26ms)
		EndReloadAssembly (973ms)
			LoadAssemblies (135ms)
			RebuildTransferFunctionScriptingTraits (0ms)
			SetupTypeCache (271ms)
			ReleaseScriptCaches (1ms)
			RebuildScriptCaches (49ms)
			SetupLoadedEditorAssemblies (462ms)
				LogAssemblyErrors (0ms)
				InitializePlatformSupportModulesInManaged (7ms)
				SetLoadedEditorAssemblies (1ms)
				RefreshPlugins (1ms)
				BeforeProcessingInitializeOnLoad (134ms)
				ProcessInitializeOnLoadAttributes (290ms)
				ProcessInitializeOnLoadMethodAttributes (14ms)
				AfterProcessingInitializeOnLoad (15ms)
				EditorAssembliesLoaded (0ms)
			ExecutionOrderSort2 (0ms)
			AwakeInstancesAfterBackupRestoration (2ms)
Platform modules already initialized, skipping
Refreshing native plugins compatible for Editor in 0.92 ms, found 3 plugins.
Preloading 0 native plugins for Editor in 0.00 ms.
Unloading 2010 Unused Serialized files (Serialized files now loaded: 0)
System memory in use before: 95.3 MB.
System memory in use after: 95.3 MB.

Unloading 18 unused Assets to reduce memory usage. Loaded Objects now: 2504.
Total: 4.831700 ms (FindLiveObjects: 0.221000 ms CreateObjectMapping: 0.071900 ms MarkObjects: 4.377800 ms  DeleteObjects: 0.160100 ms)

AssetImportParameters requested are different than current active one (requested -> active):
  custom:framework-win-MediaFoundation: 216162199b28c13a410421893ffa2e32 -> 
  custom:video-decoder-ogg-theora: a1e56fd34408186e4bbccfd4996cb3dc -> 
  custom:container-muxer-webm: aa71ff27fc2769a1b78a27578f13a17b -> 
  custom:container-demuxer-webm: 4f35f7cbe854078d1ac9338744f61a02 -> 
  custom:container-demuxer-ogg: 62fdf1f143b41e24485cea50d1cbac27 -> 
  custom:video-encoder-webm-vp8: eb34c28f22e8b96e1ab97ce403110664 -> 
  custom:video-decoder-webm-vp8: 9c59270c3fd7afecdb556c50c9e8de78 -> 
  custom:audio-decoder-ogg-vorbis: bf7c407c2cedff20999df2af8eb42d56 -> 
  custom:audio-encoder-webm-vorbis: bf7c407c2cedff20999df2af8eb42d56 -> 
========================================================================
Received Prepare
Registering precompiled user dll's ...
Registered in 0.002406 seconds.
Begin MonoManager ReloadAssembly
Native extension for WindowsStandalone target not found
Refreshing native plugins compatible for Editor in 0.42 ms, found 3 plugins.
Preloading 0 native plugins for Editor in 0.00 ms.
Mono: successfully reloaded assembly
- Completed reload, in  1.241 seconds
Domain Reload Profiling:
	ReloadAssembly (1241ms)
		BeginReloadAssembly (174ms)
			ExecutionOrderSort (0ms)
			DisableScriptedObjects (8ms)
			BackupInstance (0ms)
			ReleaseScriptingObjects (0ms)
			CreateAndSetChildDomain (41ms)
		EndReloadAssembly (980ms)
			LoadAssemblies (171ms)
			RebuildTransferFunctionScriptingTraits (0ms)
			SetupTypeCache (298ms)
			ReleaseScriptCaches (1ms)
			RebuildScriptCaches (51ms)
			SetupLoadedEditorAssemblies (412ms)
				LogAssemblyErrors (0ms)
				InitializePlatformSupportModulesInManaged (5ms)
				SetLoadedEditorAssemblies (1ms)
				RefreshPlugins (1ms)
				BeforeProcessingInitializeOnLoad (98ms)
				ProcessInitializeOnLoadAttributes (276ms)
				ProcessInitializeOnLoadMethodAttributes (17ms)
				AfterProcessingInitializeOnLoad (15ms)
				EditorAssembliesLoaded (0ms)
			ExecutionOrderSort2 (0ms)
			AwakeInstancesAfterBackupRestoration (4ms)
Platform modules already initialized, skipping
Refreshing native plugins compatible for Editor in 0.78 ms, found 3 plugins.
Preloading 0 native plugins for Editor in 0.00 ms.
Unloading 2010 Unused Serialized files (Serialized files now loaded: 0)
System memory in use before: 95.3 MB.
System memory in use after: 95.3 MB.

Unloading 18 unused Assets to reduce memory usage. Loaded Objects now: 2507.
Total: 3.812000 ms (FindLiveObjects: 0.216100 ms CreateObjectMapping: 0.057400 ms MarkObjects: 3.420400 ms  DeleteObjects: 0.116800 ms)

AssetImportParameters requested are different than current active one (requested -> active):
  custom:framework-win-MediaFoundation: 216162199b28c13a410421893ffa2e32 -> 
  custom:video-decoder-ogg-theora: a1e56fd34408186e4bbccfd4996cb3dc -> 
  custom:container-muxer-webm: aa71ff27fc2769a1b78a27578f13a17b -> 
  custom:container-demuxer-webm: 4f35f7cbe854078d1ac9338744f61a02 -> 
  custom:container-demuxer-ogg: 62fdf1f143b41e24485cea50d1cbac27 -> 
  custom:video-encoder-webm-vp8: eb34c28f22e8b96e1ab97ce403110664 -> 
  custom:video-decoder-webm-vp8: 9c59270c3fd7afecdb556c50c9e8de78 -> 
  custom:audio-decoder-ogg-vorbis: bf7c407c2cedff20999df2af8eb42d56 -> 
  custom:audio-encoder-webm-vorbis: bf7c407c2cedff20999df2af8eb42d56 -> 
========================================================================
Received Import Request.
  Time since last request: 593.139092 seconds.
  path: Assets/Scripts/Plateform.cs
  artifactKey: Guid(a12602bd33023d948b3b709d615fbdaf) Importer(815301076,1909f56bfc062723c751e8b465ee728b)
Start importing Assets/Scripts/Plateform.cs using Guid(a12602bd33023d948b3b709d615fbdaf) Importer(815301076,1909f56bfc062723c751e8b465ee728b)  -> (artifact id: 'b4717960c07a2404ce053951f34b5f88') in 0.009263 seconds 
========================================================================
Received Import Request.
  Time since last request: 66.044841 seconds.
  path: Assets/Pixel Adventure 1/Assets/Main Characters/Virtual Guy/Double Jump (32x32).png
  artifactKey: Guid(62a315a8619ac644f899c29e008115c0) Importer(815301076,1909f56bfc062723c751e8b465ee728b)
Start importing Assets/Pixel Adventure 1/Assets/Main Characters/Virtual Guy/Double Jump (32x32).png using Guid(62a315a8619ac644f899c29e008115c0) Importer(815301076,1909f56bfc062723c751e8b465ee728b)  -> (artifact id: '5453912e42fb79051c628f7f18b26ace') in 0.111258 seconds 
========================================================================
Received Import Request.
  Time since last request: 0.000377 seconds.
  path: Assets/Pixel Adventure 1/Assets/Main Characters/Virtual Guy/Idle (32x32).png
  artifactKey: Guid(40de9a8703e2e5a47882b0b86451c741) Importer(815301076,1909f56bfc062723c751e8b465ee728b)
Start importing Assets/Pixel Adventure 1/Assets/Main Characters/Virtual Guy/Idle (32x32).png using Guid(40de9a8703e2e5a47882b0b86451c741) Importer(815301076,1909f56bfc062723c751e8b465ee728b)  -> (artifact id: 'a2be667048d7ab9003e7dc765c68dd32') in 0.029428 seconds 
========================================================================
Received Import Request.
  Time since last request: 0.000267 seconds.
  path: Assets/Pixel Adventure 1/Assets/Main Characters/Virtual Guy/Hit (32x32).png
  artifactKey: Guid(0b4768f2ab470f44ca33fa59836a0774) Importer(815301076,1909f56bfc062723c751e8b465ee728b)
Start importing Assets/Pixel Adventure 1/Assets/Main Characters/Virtual Guy/Hit (32x32).png using Guid(0b4768f2ab470f44ca33fa59836a0774) Importer(815301076,1909f56bfc062723c751e8b465ee728b)  -> (artifact id: 'bec8e4fa7b5e521e1fdebfbef1322454') in 0.026287 seconds 
========================================================================
Received Import Request.
  Time since last request: 0.000206 seconds.
  path: Assets/Pixel Adventure 1/Assets/Main Characters/Virtual Guy/Wall Jump (32x32).png
  artifactKey: Guid(5a448cc07b6e09343924bf933b0cb70e) Importer(815301076,1909f56bfc062723c751e8b465ee728b)
Start importing Assets/Pixel Adventure 1/Assets/Main Characters/Virtual Guy/Wall Jump (32x32).png using Guid(5a448cc07b6e09343924bf933b0cb70e) Importer(815301076,1909f56bfc062723c751e8b465ee728b)  -> (artifact id: '4ff37a8f83b594ab50575100f7adb8f7') in 0.050866 seconds 
========================================================================
Received Import Request.
  Time since last request: 0.000390 seconds.
  path: Assets/Pixel Adventure 1/Assets/Main Characters/Virtual Guy/Run (32x32).png
  artifactKey: Guid(552146dbb8bac6f449493bca4b69540f) Importer(815301076,1909f56bfc062723c751e8b465ee728b)
Start importing Assets/Pixel Adventure 1/Assets/Main Characters/Virtual Guy/Run (32x32).png using Guid(552146dbb8bac6f449493bca4b69540f) Importer(815301076,1909f56bfc062723c751e8b465ee728b)  -> (artifact id: 'ba19d5381d535e6695d4f66ecf59266b') in 0.046165 seconds 
========================================================================
Received Import Request.
  Time since last request: 0.000352 seconds.
  path: Assets/Pixel Adventure 1/Assets/Main Characters/Virtual Guy/Jump (32x32).png
  artifactKey: Guid(320f4eb52e227b446830a1f6fd691fca) Importer(815301076,1909f56bfc062723c751e8b465ee728b)
Start importing Assets/Pixel Adventure 1/Assets/Main Characters/Virtual Guy/Jump (32x32).png using Guid(320f4eb52e227b446830a1f6fd691fca) Importer(815301076,1909f56bfc062723c751e8b465ee728b)  -> (artifact id: 'b8973559f442693f00a1f7b152a84568') in 0.018898 seconds 
========================================================================
Received Import Request.
  Time since last request: 0.000490 seconds.
  path: Assets/Pixel Adventure 1/Assets/Main Characters/Virtual Guy/Fall (32x32).png
  artifactKey: Guid(5c8b2ada1a819a54e8c051165c738f18) Importer(815301076,1909f56bfc062723c751e8b465ee728b)
Start importing Assets/Pixel Adventure 1/Assets/Main Characters/Virtual Guy/Fall (32x32).png using Guid(5c8b2ada1a819a54e8c051165c738f18) Importer(815301076,1909f56bfc062723c751e8b465ee728b)  -> (artifact id: '6116850c47cbb64256c7713b86c1b6bd') in 0.020171 seconds 
========================================================================
Received Prepare
Registering precompiled user dll's ...
Registered in 0.002519 seconds.
Begin MonoManager ReloadAssembly
Native extension for WindowsStandalone target not found
Refreshing native plugins compatible for Editor in 0.82 ms, found 3 plugins.
Preloading 0 native plugins for Editor in 0.00 ms.
Mono: successfully reloaded assembly
- Completed reload, in  1.333 seconds
Domain Reload Profiling:
	ReloadAssembly (1334ms)
		BeginReloadAssembly (177ms)
			ExecutionOrderSort (0ms)
			DisableScriptedObjects (7ms)
			BackupInstance (0ms)
			ReleaseScriptingObjects (0ms)
			CreateAndSetChildDomain (47ms)
		EndReloadAssembly (1100ms)
			LoadAssemblies (147ms)
			RebuildTransferFunctionScriptingTraits (0ms)
			SetupTypeCache (351ms)
			ReleaseScriptCaches (1ms)
			RebuildScriptCaches (67ms)
			SetupLoadedEditorAssemblies (434ms)
				LogAssemblyErrors (0ms)
				InitializePlatformSupportModulesInManaged (7ms)
				SetLoadedEditorAssemblies (1ms)
				RefreshPlugins (1ms)
				BeforeProcessingInitializeOnLoad (119ms)
				ProcessInitializeOnLoadAttributes (283ms)
				ProcessInitializeOnLoadMethodAttributes (15ms)
				AfterProcessingInitializeOnLoad (9ms)
				EditorAssembliesLoaded (0ms)
			ExecutionOrderSort2 (0ms)
			AwakeInstancesAfterBackupRestoration (4ms)
Platform modules already initialized, skipping
Refreshing native plugins compatible for Editor in 0.71 ms, found 3 plugins.
Preloading 0 native plugins for Editor in 0.00 ms.
Unloading 2010 Unused Serialized files (Serialized files now loaded: 0)
System memory in use before: 95.3 MB.
System memory in use after: 95.3 MB.

Unloading 18 unused Assets to reduce memory usage. Loaded Objects now: 2518.
Total: 2.977100 ms (FindLiveObjects: 0.107200 ms CreateObjectMapping: 0.028700 ms MarkObjects: 2.702300 ms  DeleteObjects: 0.137900 ms)

AssetImportParameters requested are different than current active one (requested -> active):
  custom:framework-win-MediaFoundation: 216162199b28c13a410421893ffa2e32 -> 
  custom:video-decoder-ogg-theora: a1e56fd34408186e4bbccfd4996cb3dc -> 
  custom:container-muxer-webm: aa71ff27fc2769a1b78a27578f13a17b -> 
  custom:container-demuxer-webm: 4f35f7cbe854078d1ac9338744f61a02 -> 
  custom:container-demuxer-ogg: 62fdf1f143b41e24485cea50d1cbac27 -> 
  custom:video-encoder-webm-vp8: eb34c28f22e8b96e1ab97ce403110664 -> 
  custom:video-decoder-webm-vp8: 9c59270c3fd7afecdb556c50c9e8de78 -> 
  custom:audio-decoder-ogg-vorbis: bf7c407c2cedff20999df2af8eb42d56 -> 
  custom:audio-encoder-webm-vorbis: bf7c407c2cedff20999df2af8eb42d56 -> 
========================================================================
Received Import Request.
  Time since last request: 105.371161 seconds.
  path: Assets/Pixel Adventure 1/Assets/Main Characters/Virtual Guy/Idle (32x32).png
  artifactKey: Guid(40de9a8703e2e5a47882b0b86451c741) Importer(815301076,1909f56bfc062723c751e8b465ee728b)
Start importing Assets/Pixel Adventure 1/Assets/Main Characters/Virtual Guy/Idle (32x32).png using Guid(40de9a8703e2e5a47882b0b86451c741) Importer(815301076,1909f56bfc062723c751e8b465ee728b)  -> (artifact id: '516e4bfd2ede5a809304987952881471') in 0.087922 seconds 
========================================================================
Received Import Request.
  Time since last request: 0.000573 seconds.
  path: Assets/Pixel Adventure 1/Assets/Main Characters/Virtual Guy/Hit (32x32).png
  artifactKey: Guid(0b4768f2ab470f44ca33fa59836a0774) Importer(815301076,1909f56bfc062723c751e8b465ee728b)
Start importing Assets/Pixel Adventure 1/Assets/Main Characters/Virtual Guy/Hit (32x32).png using Guid(0b4768f2ab470f44ca33fa59836a0774) Importer(815301076,1909f56bfc062723c751e8b465ee728b)  -> (artifact id: 'd767f8b190fa56bcc0b199a16a7df9e9') in 0.040298 seconds 
========================================================================
Received Import Request.
  Time since last request: 0.000593 seconds.
  path: Assets/Pixel Adventure 1/Assets/Main Characters/Virtual Guy/Wall Jump (32x32).png
  artifactKey: Guid(5a448cc07b6e09343924bf933b0cb70e) Importer(815301076,1909f56bfc062723c751e8b465ee728b)
Start importing Assets/Pixel Adventure 1/Assets/Main Characters/Virtual Guy/Wall Jump (32x32).png using Guid(5a448cc07b6e09343924bf933b0cb70e) Importer(815301076,1909f56bfc062723c751e8b465ee728b)  -> (artifact id: 'f709ca81afcae9291d28628519c5f5d7') in 0.041261 seconds 
========================================================================
Received Import Request.
  Time since last request: 0.000568 seconds.
  path: Assets/Pixel Adventure 1/Assets/Main Characters/Virtual Guy/Run (32x32).png
  artifactKey: Guid(552146dbb8bac6f449493bca4b69540f) Importer(815301076,1909f56bfc062723c751e8b465ee728b)
Start importing Assets/Pixel Adventure 1/Assets/Main Characters/Virtual Guy/Run (32x32).png using Guid(552146dbb8bac6f449493bca4b69540f) Importer(815301076,1909f56bfc062723c751e8b465ee728b)  -> (artifact id: 'ea9c8c9066d54cafc147e4990e4d994f') in 0.027807 seconds 
========================================================================
Received Import Request.
  Time since last request: 0.000317 seconds.
  path: Assets/Pixel Adventure 1/Assets/Main Characters/Virtual Guy/Jump (32x32).png
  artifactKey: Guid(320f4eb52e227b446830a1f6fd691fca) Importer(815301076,1909f56bfc062723c751e8b465ee728b)
Start importing Assets/Pixel Adventure 1/Assets/Main Characters/Virtual Guy/Jump (32x32).png using Guid(320f4eb52e227b446830a1f6fd691fca) Importer(815301076,1909f56bfc062723c751e8b465ee728b)  -> (artifact id: '3edc257d84ee0649227d30e43dc2eb55') in 0.006267 seconds 
========================================================================
Received Import Request.
  Time since last request: 0.000342 seconds.
  path: Assets/Pixel Adventure 1/Assets/Main Characters/Virtual Guy/Double Jump (32x32).png
  artifactKey: Guid(62a315a8619ac644f899c29e008115c0) Importer(815301076,1909f56bfc062723c751e8b465ee728b)
Start importing Assets/Pixel Adventure 1/Assets/Main Characters/Virtual Guy/Double Jump (32x32).png using Guid(62a315a8619ac644f899c29e008115c0) Importer(815301076,1909f56bfc062723c751e8b465ee728b)  -> (artifact id: '9f722c5d6574d436bdecd08d42195791') in 0.021000 seconds 
========================================================================
Received Import Request.
  Time since last request: 0.000586 seconds.
  path: Assets/Pixel Adventure 1/Assets/Main Characters/Virtual Guy/Fall (32x32).png
  artifactKey: Guid(5c8b2ada1a819a54e8c051165c738f18) Importer(815301076,1909f56bfc062723c751e8b465ee728b)
Start importing Assets/Pixel Adventure 1/Assets/Main Characters/Virtual Guy/Fall (32x32).png using Guid(5c8b2ada1a819a54e8c051165c738f18) Importer(815301076,1909f56bfc062723c751e8b465ee728b)  -> (artifact id: '6305d5265d0ce6539b69d43146174299') in 0.016628 seconds 
========================================================================
Received Import Request.
  Time since last request: 36.944161 seconds.
  path: Assets/Pixel Adventure 1/Assets/Main Characters/Virtual Guy/Idle (32x32).png
  artifactKey: Guid(40de9a8703e2e5a47882b0b86451c741) Importer(815301076,1909f56bfc062723c751e8b465ee728b)
Start importing Assets/Pixel Adventure 1/Assets/Main Characters/Virtual Guy/Idle (32x32).png using Guid(40de9a8703e2e5a47882b0b86451c741) Importer(815301076,1909f56bfc062723c751e8b465ee728b)  -> (artifact id: '754b473daf35957559fd3fb634fbb305') in 0.052531 seconds 
========================================================================
Received Import Request.
  Time since last request: 0.000374 seconds.
  path: Assets/Pixel Adventure 1/Assets/Main Characters/Virtual Guy/Hit (32x32).png
  artifactKey: Guid(0b4768f2ab470f44ca33fa59836a0774) Importer(815301076,1909f56bfc062723c751e8b465ee728b)
Start importing Assets/Pixel Adventure 1/Assets/Main Characters/Virtual Guy/Hit (32x32).png using Guid(0b4768f2ab470f44ca33fa59836a0774) Importer(815301076,1909f56bfc062723c751e8b465ee728b)  -> (artifact id: 'a3b3ec56707d2da8feb494a53a2d943f') in 0.063160 seconds 
========================================================================
Received Import Request.
  Time since last request: 0.000267 seconds.
  path: Assets/Pixel Adventure 1/Assets/Main Characters/Virtual Guy/Wall Jump (32x32).png
  artifactKey: Guid(5a448cc07b6e09343924bf933b0cb70e) Importer(815301076,1909f56bfc062723c751e8b465ee728b)
Start importing Assets/Pixel Adventure 1/Assets/Main Characters/Virtual Guy/Wall Jump (32x32).png using Guid(5a448cc07b6e09343924bf933b0cb70e) Importer(815301076,1909f56bfc062723c751e8b465ee728b)  -> (artifact id: '5b87be2fd55f96f24268fde5be22cb80') in 0.044385 seconds 
========================================================================
Received Import Request.
  Time since last request: 0.000250 seconds.
  path: Assets/Pixel Adventure 1/Assets/Main Characters/Virtual Guy/Run (32x32).png
  artifactKey: Guid(552146dbb8bac6f449493bca4b69540f) Importer(815301076,1909f56bfc062723c751e8b465ee728b)
Start importing Assets/Pixel Adventure 1/Assets/Main Characters/Virtual Guy/Run (32x32).png using Guid(552146dbb8bac6f449493bca4b69540f) Importer(815301076,1909f56bfc062723c751e8b465ee728b)  -> (artifact id: 'fe53426bb07e14bb918b9830527ef789') in 0.076046 seconds 
========================================================================
Received Import Request.
  Time since last request: 0.000396 seconds.
  path: Assets/Pixel Adventure 1/Assets/Main Characters/Virtual Guy/Jump (32x32).png
  artifactKey: Guid(320f4eb52e227b446830a1f6fd691fca) Importer(815301076,1909f56bfc062723c751e8b465ee728b)
Start importing Assets/Pixel Adventure 1/Assets/Main Characters/Virtual Guy/Jump (32x32).png using Guid(320f4eb52e227b446830a1f6fd691fca) Importer(815301076,1909f56bfc062723c751e8b465ee728b)  -> (artifact id: '3c2d417dcfa3768f1ffd05a32eab4554') in 0.012214 seconds 
========================================================================
Received Import Request.
  Time since last request: 0.000342 seconds.
  path: Assets/Pixel Adventure 1/Assets/Main Characters/Virtual Guy/Double Jump (32x32).png
  artifactKey: Guid(62a315a8619ac644f899c29e008115c0) Importer(815301076,1909f56bfc062723c751e8b465ee728b)
Start importing Assets/Pixel Adventure 1/Assets/Main Characters/Virtual Guy/Double Jump (32x32).png using Guid(62a315a8619ac644f899c29e008115c0) Importer(815301076,1909f56bfc062723c751e8b465ee728b)  -> (artifact id: 'b3c018bbacdd28b3673054a12e590f32') in 0.063769 seconds 
========================================================================
Received Import Request.
  Time since last request: 0.000256 seconds.
  path: Assets/Pixel Adventure 1/Assets/Main Characters/Virtual Guy/Fall (32x32).png
  artifactKey: Guid(5c8b2ada1a819a54e8c051165c738f18) Importer(815301076,1909f56bfc062723c751e8b465ee728b)
Start importing Assets/Pixel Adventure 1/Assets/Main Characters/Virtual Guy/Fall (32x32).png using Guid(5c8b2ada1a819a54e8c051165c738f18) Importer(815301076,1909f56bfc062723c751e8b465ee728b)  -> (artifact id: '6757c228c74bbb660aab885aa3728db7') in 0.016377 seconds 
========================================================================
Received Prepare
Registering precompiled user dll's ...
Registered in 0.006934 seconds.
Begin MonoManager ReloadAssembly
Native extension for WindowsStandalone target not found
Refreshing native plugins compatible for Editor in 0.83 ms, found 3 plugins.
Preloading 0 native plugins for Editor in 0.00 ms.
Mono: successfully reloaded assembly
- Completed reload, in  1.077 seconds
Domain Reload Profiling:
	ReloadAssembly (1077ms)
		BeginReloadAssembly (114ms)
			ExecutionOrderSort (0ms)
			DisableScriptedObjects (5ms)
			BackupInstance (0ms)
			ReleaseScriptingObjects (0ms)
			CreateAndSetChildDomain (25ms)
		EndReloadAssembly (890ms)
			LoadAssemblies (129ms)
			RebuildTransferFunctionScriptingTraits (0ms)
			SetupTypeCache (253ms)
			ReleaseScriptCaches (1ms)
			RebuildScriptCaches (37ms)
			SetupLoadedEditorAssemblies (368ms)
				LogAssemblyErrors (0ms)
				InitializePlatformSupportModulesInManaged (7ms)
				SetLoadedEditorAssemblies (1ms)
				RefreshPlugins (1ms)
				BeforeProcessingInitializeOnLoad (98ms)
				ProcessInitializeOnLoadAttributes (241ms)
				ProcessInitializeOnLoadMethodAttributes (12ms)
				AfterProcessingInitializeOnLoad (8ms)
				EditorAssembliesLoaded (0ms)
			ExecutionOrderSort2 (0ms)
			AwakeInstancesAfterBackupRestoration (4ms)
Platform modules already initialized, skipping
Refreshing native plugins compatible for Editor in 0.54 ms, found 3 plugins.
Preloading 0 native plugins for Editor in 0.00 ms.
Unloading 2010 Unused Serialized files (Serialized files now loaded: 0)
System memory in use before: 95.4 MB.
System memory in use after: 95.4 MB.

Unloading 18 unused Assets to reduce memory usage. Loaded Objects now: 2522.
Total: 1.860000 ms (FindLiveObjects: 0.080500 ms CreateObjectMapping: 0.036200 ms MarkObjects: 1.690600 ms  DeleteObjects: 0.051900 ms)

AssetImportParameters requested are different than current active one (requested -> active):
  custom:framework-win-MediaFoundation: 216162199b28c13a410421893ffa2e32 -> 
  custom:video-decoder-ogg-theora: a1e56fd34408186e4bbccfd4996cb3dc -> 
  custom:container-muxer-webm: aa71ff27fc2769a1b78a27578f13a17b -> 
  custom:container-demuxer-webm: 4f35f7cbe854078d1ac9338744f61a02 -> 
  custom:container-demuxer-ogg: 62fdf1f143b41e24485cea50d1cbac27 -> 
  custom:video-encoder-webm-vp8: eb34c28f22e8b96e1ab97ce403110664 -> 
  custom:video-decoder-webm-vp8: 9c59270c3fd7afecdb556c50c9e8de78 -> 
  custom:audio-decoder-ogg-vorbis: bf7c407c2cedff20999df2af8eb42d56 -> 
  custom:audio-encoder-webm-vorbis: bf7c407c2cedff20999df2af8eb42d56 -> 
========================================================================
Received Prepare
Refreshing native plugins compatible for Editor in 3.02 ms, found 3 plugins.
Preloading 0 native plugins for Editor in 0.00 ms.
Unloading 16 Unused Serialized files (Serialized files now loaded: 0)
System memory in use before: 55.7 MB.
System memory in use after: 55.7 MB.

Unloading 16 unused Assets to reduce memory usage. Loaded Objects now: 2522.
Total: 3.547100 ms (FindLiveObjects: 0.152200 ms CreateObjectMapping: 0.032600 ms MarkObjects: 3.259100 ms  DeleteObjects: 0.102400 ms)

AssetImportParameters requested are different than current active one (requested -> active):
  custom:framework-win-MediaFoundation: 216162199b28c13a410421893ffa2e32 -> 
  custom:video-decoder-ogg-theora: a1e56fd34408186e4bbccfd4996cb3dc -> 
  custom:container-muxer-webm: aa71ff27fc2769a1b78a27578f13a17b -> 
  custom:container-demuxer-webm: 4f35f7cbe854078d1ac9338744f61a02 -> 
  custom:container-demuxer-ogg: 62fdf1f143b41e24485cea50d1cbac27 -> 
  custom:video-encoder-webm-vp8: eb34c28f22e8b96e1ab97ce403110664 -> 
  custom:video-decoder-webm-vp8: 9c59270c3fd7afecdb556c50c9e8de78 -> 
  custom:audio-decoder-ogg-vorbis: bf7c407c2cedff20999df2af8eb42d56 -> 
  custom:audio-encoder-webm-vorbis: bf7c407c2cedff20999df2af8eb42d56 -> 
AssetImportWorkerClient::OnTransportError - code=2 error=End of file
